<?xml version="1.0" encoding="UTF-8"?>
<testsuite name="com.eo.calculator.CalculatorApplicationTests" tests="1" skipped="0" failures="0" errors="0" timestamp="2023-12-09T00:46:29" hostname="obsws" time="1.529">
  <properties/>
  <testcase name="contextLoads()" classname="com.eo.calculator.CalculatorApplicationTests" time="1.529"/>
  <system-out><![CDATA[19:46:24.693 [Test worker] INFO org.springframework.test.context.support.AnnotationConfigContextLoaderUtils -- Could not detect default configuration classes for test class [com.eo.calculator.CalculatorApplicationTests]: CalculatorApplicationTests does not declare any static, non-private, non-final, nested classes annotated with @Configuration.
19:46:25.059 [Test worker] INFO org.springframework.boot.test.context.SpringBootTestContextBootstrapper -- Found @SpringBootConfiguration com.eo.calculator.CalculatorApplication for test class com.eo.calculator.CalculatorApplicationTests

  .   ____          _            __ _ _
 /\\ / ___'_ __ _ _(_)_ __  __ _ \ \ \ \
( ( )\___ | '_ | '_| | '_ \/ _` | \ \ \ \
 \\/  ___)| |_)| | | | | || (_| |  ) ) ) )
  '  |____| .__|_| |_|_| |_\__, | / / / /
 =========|_|==============|___/=/_/_/_/
 :: Spring Boot ::                (v3.2.0)

2023-12-08T19:46:26.066-05:00  INFO 243445 --- [    Test worker] c.e.c.CalculatorApplicationTests         : Starting CalculatorApplicationTests using Java 17.0.9 with PID 243445 (started by root in /home/eo/git/spring/apps/calculator)
2023-12-08T19:46:26.070-05:00  INFO 243445 --- [    Test worker] c.e.c.CalculatorApplicationTests         : No active profile set, falling back to 1 default profile: "default"
2023-12-08T19:46:28.972-05:00  INFO 243445 --- [    Test worker] c.e.c.CalculatorApplicationTests         : Started CalculatorApplicationTests in 3.519 seconds (process running for 6.574)
]]></system-out>
  <system-err><![CDATA[]]></system-err>
</testsuite>
